[05-May-2019 23:12:16 Asia/Tokyo] デバッグ：「「「「「「「「「「「「「「「「「「「「「「「「「「
[05-May-2019 23:12:16 Asia/Tokyo] デバッグ：ユーザー登録ページ
[05-May-2019 23:12:16 Asia/Tokyo] デバッグ：「「「「「「「「「「「「「「「「「「「「「「「「「「
[05-May-2019 23:12:16 Asia/Tokyo] デバッグ：>>>>>>>>>>>>>>>>>>>>>>>>>>>>>>>>画面表示処理開始
[05-May-2019 23:12:16 Asia/Tokyo] デバッグ：セッションID：du09flb1t8g70qclka6nece7ol
[05-May-2019 23:12:16 Asia/Tokyo] デバッグ：セッション変数の中身：Array
(
    [login_date] => 1556717160
    [login_limit] => 2592000
    [user_id] => 7
)

[05-May-2019 23:12:16 Asia/Tokyo] デバッグ：現在日時タイムスタンプ：1557065536
[05-May-2019 23:12:16 Asia/Tokyo] デバッグ：ログイン期限日時タイムスタンプ：1559309160
[05-May-2019 23:12:16 Asia/Tokyo] PHP Notice:  Undefined index: email in /Applications/MAMP/htdocs/splitbill/index.php on line 12
[05-May-2019 23:12:16 Asia/Tokyo] PHP Notice:  Undefined index: pass in /Applications/MAMP/htdocs/splitbill/index.php on line 13
[05-May-2019 23:12:16 Asia/Tokyo] PHP Notice:  Undefined index: pass_re in /Applications/MAMP/htdocs/splitbill/index.php on line 14
[05-May-2019 23:12:16 Asia/Tokyo] PHP Fatal error:  Uncaught Error: Call to undefined function validRequired() in /Applications/MAMP/htdocs/splitbill/index.php:17
Stack trace:
#0 {main}
  thrown in /Applications/MAMP/htdocs/splitbill/index.php on line 17
[05-May-2019 23:14:15 Asia/Tokyo] デバッグ：「「「「「「「「「「「「「「「「「「「「「「「「「「
[05-May-2019 23:14:15 Asia/Tokyo] デバッグ：ユーザー登録ページ
[05-May-2019 23:14:15 Asia/Tokyo] デバッグ：「「「「「「「「「「「「「「「「「「「「「「「「「「
[05-May-2019 23:14:15 Asia/Tokyo] デバッグ：>>>>>>>>>>>>>>>>>>>>>>>>>>>>>>>>画面表示処理開始
[05-May-2019 23:14:15 Asia/Tokyo] デバッグ：セッションID：86fr9oe0rb9rtjdkd51jv7il5s
[05-May-2019 23:14:15 Asia/Tokyo] デバッグ：セッション変数の中身：Array
(
    [login_date] => 1556717160
    [login_limit] => 2592000
    [user_id] => 7
)

[05-May-2019 23:14:15 Asia/Tokyo] デバッグ：現在日時タイムスタンプ：1557065655
[05-May-2019 23:14:15 Asia/Tokyo] デバッグ：ログイン期限日時タイムスタンプ：1559309160
[05-May-2019 23:14:15 Asia/Tokyo] PHP Notice:  Undefined index: email in /Applications/MAMP/htdocs/splitbill/index.php on line 12
[05-May-2019 23:14:15 Asia/Tokyo] PHP Notice:  Undefined index: pass in /Applications/MAMP/htdocs/splitbill/index.php on line 13
[05-May-2019 23:14:15 Asia/Tokyo] PHP Notice:  Undefined index: pass_re in /Applications/MAMP/htdocs/splitbill/index.php on line 14
[05-May-2019 23:14:15 Asia/Tokyo] PHP Fatal error:  Uncaught Error: Call to undefined function validRequired() in /Applications/MAMP/htdocs/splitbill/index.php:17
Stack trace:
#0 {main}
  thrown in /Applications/MAMP/htdocs/splitbill/index.php on line 17
[05-May-2019 23:14:53 Asia/Tokyo] デバッグ：「「「「「「「「「「「「「「「「「「「「「「「「「「
[05-May-2019 23:14:53 Asia/Tokyo] デバッグ：ユーザー登録ページ
[05-May-2019 23:14:53 Asia/Tokyo] デバッグ：「「「「「「「「「「「「「「「「「「「「「「「「「「
[05-May-2019 23:14:53 Asia/Tokyo] デバッグ：>>>>>>>>>>>>>>>>>>>>>>>>>>>>>>>>画面表示処理開始
[05-May-2019 23:14:53 Asia/Tokyo] デバッグ：セッションID：f4eiqbrifn6fijua1oco8c4otq
[05-May-2019 23:14:53 Asia/Tokyo] デバッグ：セッション変数の中身：Array
(
    [login_date] => 1556717160
    [login_limit] => 2592000
    [user_id] => 7
)

[05-May-2019 23:14:53 Asia/Tokyo] デバッグ：現在日時タイムスタンプ：1557065693
[05-May-2019 23:14:53 Asia/Tokyo] デバッグ：ログイン期限日時タイムスタンプ：1559309160
[05-May-2019 23:14:53 Asia/Tokyo] PHP Notice:  Undefined index: email in /Applications/MAMP/htdocs/splitbill/index.php on line 12
[05-May-2019 23:14:53 Asia/Tokyo] PHP Notice:  Undefined index: pass in /Applications/MAMP/htdocs/splitbill/index.php on line 13
[05-May-2019 23:14:53 Asia/Tokyo] PHP Notice:  Undefined index: pass_re in /Applications/MAMP/htdocs/splitbill/index.php on line 14
[05-May-2019 23:14:53 Asia/Tokyo] PHP Fatal error:  Uncaught Error: Call to undefined function validRequired() in /Applications/MAMP/htdocs/splitbill/index.php:17
Stack trace:
#0 {main}
  thrown in /Applications/MAMP/htdocs/splitbill/index.php on line 17
[05-May-2019 23:20:53 Asia/Tokyo] デバッグ：「「「「「「「「「「「「「「「「「「「「「「「「「「
[05-May-2019 23:20:53 Asia/Tokyo] デバッグ：ユーザー登録ページ
[05-May-2019 23:20:53 Asia/Tokyo] デバッグ：「「「「「「「「「「「「「「「「「「「「「「「「「「
[05-May-2019 23:20:53 Asia/Tokyo] デバッグ：>>>>>>>>>>>>>>>>>>>>>>>>>>>>>>>>画面表示処理開始
[05-May-2019 23:20:53 Asia/Tokyo] デバッグ：セッションID：oq5q7ing9cfm4qeak9e1ff349d
[05-May-2019 23:20:53 Asia/Tokyo] デバッグ：セッション変数の中身：Array
(
    [login_date] => 1556717160
    [login_limit] => 2592000
    [user_id] => 7
)

[05-May-2019 23:20:53 Asia/Tokyo] デバッグ：現在日時タイムスタンプ：1557066053
[05-May-2019 23:20:53 Asia/Tokyo] デバッグ：ログイン期限日時タイムスタンプ：1559309160
[05-May-2019 23:20:53 Asia/Tokyo] PHP Notice:  Undefined index: email in /Applications/MAMP/htdocs/splitbill/index.php on line 12
[05-May-2019 23:20:53 Asia/Tokyo] PHP Notice:  Undefined index: pass in /Applications/MAMP/htdocs/splitbill/index.php on line 13
[05-May-2019 23:20:53 Asia/Tokyo] PHP Notice:  Undefined index: pass_re in /Applications/MAMP/htdocs/splitbill/index.php on line 14
[05-May-2019 23:20:53 Asia/Tokyo] PHP Fatal error:  Uncaught Error: Call to undefined function validRequired() in /Applications/MAMP/htdocs/splitbill/index.php:17
Stack trace:
#0 {main}
  thrown in /Applications/MAMP/htdocs/splitbill/index.php on line 17
[05-May-2019 23:21:48 Asia/Tokyo] デバッグ：「「「「「「「「「「「「「「「「「「「「「「「「「「
[05-May-2019 23:21:48 Asia/Tokyo] デバッグ：ユーザー登録ページ
[05-May-2019 23:21:48 Asia/Tokyo] デバッグ：「「「「「「「「「「「「「「「「「「「「「「「「「「
[05-May-2019 23:21:48 Asia/Tokyo] デバッグ：>>>>>>>>>>>>>>>>>>>>>>>>>>>>>>>>画面表示処理開始
[05-May-2019 23:21:48 Asia/Tokyo] デバッグ：セッションID：3onojfs603dc0u0nvk08egqg59
[05-May-2019 23:21:48 Asia/Tokyo] デバッグ：セッション変数の中身：Array
(
    [login_date] => 1556717160
    [login_limit] => 2592000
    [user_id] => 7
)

[05-May-2019 23:21:48 Asia/Tokyo] デバッグ：現在日時タイムスタンプ：1557066108
[05-May-2019 23:21:48 Asia/Tokyo] デバッグ：ログイン期限日時タイムスタンプ：1559309160
[05-May-2019 23:21:48 Asia/Tokyo] PHP Notice:  Undefined index: email in /Applications/MAMP/htdocs/splitbill/index.php on line 12
[05-May-2019 23:21:48 Asia/Tokyo] PHP Notice:  Undefined index: pass in /Applications/MAMP/htdocs/splitbill/index.php on line 13
[05-May-2019 23:21:48 Asia/Tokyo] PHP Notice:  Undefined index: pass_re in /Applications/MAMP/htdocs/splitbill/index.php on line 14
[05-May-2019 23:21:48 Asia/Tokyo] PHP Fatal error:  Uncaught Error: Call to undefined function validRequired() in /Applications/MAMP/htdocs/splitbill/index.php:17
Stack trace:
#0 {main}
  thrown in /Applications/MAMP/htdocs/splitbill/index.php on line 17
[05-May-2019 23:22:40 Asia/Tokyo] デバッグ：「「「「「「「「「「「「「「「「「「「「「「「「「「
[05-May-2019 23:22:40 Asia/Tokyo] デバッグ：ユーザー登録ページ
[05-May-2019 23:22:40 Asia/Tokyo] デバッグ：「「「「「「「「「「「「「「「「「「「「「「「「「「
[05-May-2019 23:22:40 Asia/Tokyo] デバッグ：>>>>>>>>>>>>>>>>>>>>>>>>>>>>>>>>画面表示処理開始
[05-May-2019 23:22:40 Asia/Tokyo] デバッグ：セッションID：18q5qeff0er8ei9t0tehr95uv2
[05-May-2019 23:22:40 Asia/Tokyo] デバッグ：セッション変数の中身：Array
(
    [login_date] => 1556717160
    [login_limit] => 2592000
    [user_id] => 7
)

[05-May-2019 23:22:40 Asia/Tokyo] デバッグ：現在日時タイムスタンプ：1557066160
[05-May-2019 23:22:40 Asia/Tokyo] デバッグ：ログイン期限日時タイムスタンプ：1559309160
[05-May-2019 23:22:40 Asia/Tokyo] PHP Notice:  Undefined index: email in /Applications/MAMP/htdocs/splitbill/index.php on line 12
[05-May-2019 23:22:40 Asia/Tokyo] PHP Notice:  Undefined index: pass in /Applications/MAMP/htdocs/splitbill/index.php on line 13
[05-May-2019 23:22:40 Asia/Tokyo] PHP Notice:  Undefined index: pass_re in /Applications/MAMP/htdocs/splitbill/index.php on line 14
[05-May-2019 23:22:40 Asia/Tokyo] PHP Fatal error:  Uncaught Error: Call to undefined function validRequired() in /Applications/MAMP/htdocs/splitbill/index.php:17
Stack trace:
#0 {main}
  thrown in /Applications/MAMP/htdocs/splitbill/index.php on line 17
[05-May-2019 23:23:26 Asia/Tokyo] デバッグ：「「「「「「「「「「「「「「「「「「「「「「「「「「
[05-May-2019 23:23:26 Asia/Tokyo] デバッグ：ユーザー登録ページ
[05-May-2019 23:23:26 Asia/Tokyo] デバッグ：「「「「「「「「「「「「「「「「「「「「「「「「「「
[05-May-2019 23:23:26 Asia/Tokyo] デバッグ：>>>>>>>>>>>>>>>>>>>>>>>>>>>>>>>>画面表示処理開始
[05-May-2019 23:23:26 Asia/Tokyo] デバッグ：セッションID：qdhreauvi897s3pane1nr76emr
[05-May-2019 23:23:26 Asia/Tokyo] デバッグ：セッション変数の中身：Array
(
    [login_date] => 1556717160
    [login_limit] => 2592000
    [user_id] => 7
)

[05-May-2019 23:23:26 Asia/Tokyo] デバッグ：現在日時タイムスタンプ：1557066206
[05-May-2019 23:23:26 Asia/Tokyo] デバッグ：ログイン期限日時タイムスタンプ：1559309160
[05-May-2019 23:23:26 Asia/Tokyo] PHP Notice:  Undefined index: email in /Applications/MAMP/htdocs/splitbill/index.php on line 12
[05-May-2019 23:23:26 Asia/Tokyo] PHP Notice:  Undefined index: pass in /Applications/MAMP/htdocs/splitbill/index.php on line 13
[05-May-2019 23:23:26 Asia/Tokyo] PHP Notice:  Undefined index: pass_re in /Applications/MAMP/htdocs/splitbill/index.php on line 14
[05-May-2019 23:23:26 Asia/Tokyo] PHP Fatal error:  Uncaught Error: Call to undefined function validRequired() in /Applications/MAMP/htdocs/splitbill/index.php:17
Stack trace:
#0 {main}
  thrown in /Applications/MAMP/htdocs/splitbill/index.php on line 17
[05-May-2019 23:25:27 Asia/Tokyo] デバッグ：「「「「「「「「「「「「「「「「「「「「「「「「「「
[05-May-2019 23:25:27 Asia/Tokyo] デバッグ：ユーザー登録ページ
[05-May-2019 23:25:27 Asia/Tokyo] デバッグ：「「「「「「「「「「「「「「「「「「「「「「「「「「
[05-May-2019 23:25:27 Asia/Tokyo] デバッグ：>>>>>>>>>>>>>>>>>>>>>>>>>>>>>>>>画面表示処理開始
[05-May-2019 23:25:27 Asia/Tokyo] デバッグ：セッションID：8l577vvj96usc369p56dldpnnd
[05-May-2019 23:25:27 Asia/Tokyo] デバッグ：セッション変数の中身：Array
(
    [login_date] => 1556717160
    [login_limit] => 2592000
    [user_id] => 7
)

[05-May-2019 23:25:27 Asia/Tokyo] デバッグ：現在日時タイムスタンプ：1557066327
[05-May-2019 23:25:27 Asia/Tokyo] デバッグ：ログイン期限日時タイムスタンプ：1559309160
[05-May-2019 23:25:27 Asia/Tokyo] PHP Notice:  Undefined index: email in /Applications/MAMP/htdocs/splitbill/index.php on line 12
[05-May-2019 23:25:27 Asia/Tokyo] PHP Notice:  Undefined index: pass in /Applications/MAMP/htdocs/splitbill/index.php on line 13
[05-May-2019 23:25:27 Asia/Tokyo] PHP Notice:  Undefined index: pass_re in /Applications/MAMP/htdocs/splitbill/index.php on line 14
[05-May-2019 23:25:27 Asia/Tokyo] PHP Fatal error:  Uncaught Error: Call to undefined function validRequired() in /Applications/MAMP/htdocs/splitbill/index.php:17
Stack trace:
#0 {main}
  thrown in /Applications/MAMP/htdocs/splitbill/index.php on line 17
[05-May-2019 23:26:32 Asia/Tokyo] デバッグ：「「「「「「「「「「「「「「「「「「「「「「「「「「
[05-May-2019 23:26:32 Asia/Tokyo] デバッグ：ユーザー登録ページ
[05-May-2019 23:26:32 Asia/Tokyo] デバッグ：「「「「「「「「「「「「「「「「「「「「「「「「「「
[05-May-2019 23:26:32 Asia/Tokyo] デバッグ：>>>>>>>>>>>>>>>>>>>>>>>>>>>>>>>>画面表示処理開始
[05-May-2019 23:26:32 Asia/Tokyo] デバッグ：セッションID：urc845r7vml2n9k45vs5frc50f
[05-May-2019 23:26:32 Asia/Tokyo] デバッグ：セッション変数の中身：Array
(
    [login_date] => 1556717160
    [login_limit] => 2592000
    [user_id] => 7
)

[05-May-2019 23:26:32 Asia/Tokyo] デバッグ：現在日時タイムスタンプ：1557066392
[05-May-2019 23:26:32 Asia/Tokyo] デバッグ：ログイン期限日時タイムスタンプ：1559309160
[05-May-2019 23:26:32 Asia/Tokyo] PHP Notice:  Undefined index: email in /Applications/MAMP/htdocs/splitbill/index.php on line 12
[05-May-2019 23:26:32 Asia/Tokyo] PHP Notice:  Undefined index: pass in /Applications/MAMP/htdocs/splitbill/index.php on line 13
[05-May-2019 23:26:32 Asia/Tokyo] PHP Notice:  Undefined index: pass_re in /Applications/MAMP/htdocs/splitbill/index.php on line 14
[05-May-2019 23:26:32 Asia/Tokyo] PHP Fatal error:  Uncaught Error: Call to undefined function validRequired() in /Applications/MAMP/htdocs/splitbill/index.php:17
Stack trace:
#0 {main}
  thrown in /Applications/MAMP/htdocs/splitbill/index.php on line 17
[05-May-2019 23:26:57 Asia/Tokyo] デバッグ：「「「「「「「「「「「「「「「「「「「「「「「「「「
[05-May-2019 23:26:57 Asia/Tokyo] デバッグ：ユーザー登録ページ
[05-May-2019 23:26:57 Asia/Tokyo] デバッグ：「「「「「「「「「「「「「「「「「「「「「「「「「「
[05-May-2019 23:26:57 Asia/Tokyo] デバッグ：>>>>>>>>>>>>>>>>>>>>>>>>>>>>>>>>画面表示処理開始
[05-May-2019 23:26:57 Asia/Tokyo] デバッグ：セッションID：gbu369iujt6i448rslbd50ds09
[05-May-2019 23:26:57 Asia/Tokyo] デバッグ：セッション変数の中身：Array
(
    [login_date] => 1556717160
    [login_limit] => 2592000
    [user_id] => 7
)

[05-May-2019 23:26:57 Asia/Tokyo] デバッグ：現在日時タイムスタンプ：1557066417
[05-May-2019 23:26:57 Asia/Tokyo] デバッグ：ログイン期限日時タイムスタンプ：1559309160
[05-May-2019 23:26:57 Asia/Tokyo] PHP Notice:  Undefined index: email in /Applications/MAMP/htdocs/splitbill/index.php on line 12
[05-May-2019 23:26:57 Asia/Tokyo] PHP Notice:  Undefined index: pass in /Applications/MAMP/htdocs/splitbill/index.php on line 13
[05-May-2019 23:26:57 Asia/Tokyo] PHP Notice:  Undefined index: pass_re in /Applications/MAMP/htdocs/splitbill/index.php on line 14
[05-May-2019 23:26:57 Asia/Tokyo] PHP Fatal error:  Uncaught Error: Call to undefined function validRequired() in /Applications/MAMP/htdocs/splitbill/index.php:17
Stack trace:
#0 {main}
  thrown in /Applications/MAMP/htdocs/splitbill/index.php on line 17
[05-May-2019 23:29:44 Asia/Tokyo] デバッグ：「「「「「「「「「「「「「「「「「「「「「「「「「「
[05-May-2019 23:29:44 Asia/Tokyo] デバッグ：ユーザー登録ページ
[05-May-2019 23:29:44 Asia/Tokyo] デバッグ：「「「「「「「「「「「「「「「「「「「「「「「「「「
[05-May-2019 23:29:44 Asia/Tokyo] デバッグ：>>>>>>>>>>>>>>>>>>>>>>>>>>>>>>>>画面表示処理開始
[05-May-2019 23:29:44 Asia/Tokyo] デバッグ：セッションID：l700rf2h1m37uhrprcv3t74o64
[05-May-2019 23:29:44 Asia/Tokyo] デバッグ：セッション変数の中身：Array
(
    [login_date] => 1556717160
    [login_limit] => 2592000
    [user_id] => 7
)

[05-May-2019 23:29:44 Asia/Tokyo] デバッグ：現在日時タイムスタンプ：1557066584
[05-May-2019 23:29:44 Asia/Tokyo] デバッグ：ログイン期限日時タイムスタンプ：1559309160
[05-May-2019 23:29:44 Asia/Tokyo] PHP Notice:  Undefined index: email in /Applications/MAMP/htdocs/splitbill/index.php on line 12
[05-May-2019 23:29:44 Asia/Tokyo] PHP Notice:  Undefined index: pass in /Applications/MAMP/htdocs/splitbill/index.php on line 13
[05-May-2019 23:29:44 Asia/Tokyo] PHP Notice:  Undefined index: pass_re in /Applications/MAMP/htdocs/splitbill/index.php on line 14
[05-May-2019 23:29:44 Asia/Tokyo] PHP Fatal error:  Uncaught Error: Call to undefined function validRequired() in /Applications/MAMP/htdocs/splitbill/index.php:17
Stack trace:
#0 {main}
  thrown in /Applications/MAMP/htdocs/splitbill/index.php on line 17
[05-May-2019 23:31:09 Asia/Tokyo] デバッグ：「「「「「「「「「「「「「「「「「「「「「「「「「「
[05-May-2019 23:31:09 Asia/Tokyo] デバッグ：ユーザー登録ページ
[05-May-2019 23:31:09 Asia/Tokyo] デバッグ：「「「「「「「「「「「「「「「「「「「「「「「「「「
[05-May-2019 23:31:09 Asia/Tokyo] デバッグ：>>>>>>>>>>>>>>>>>>>>>>>>>>>>>>>>画面表示処理開始
[05-May-2019 23:31:09 Asia/Tokyo] デバッグ：セッションID：gnmmfsnfivnpr5nftdkqbscdv0
[05-May-2019 23:31:09 Asia/Tokyo] デバッグ：セッション変数の中身：Array
(
    [login_date] => 1556717160
    [login_limit] => 2592000
    [user_id] => 7
)

[05-May-2019 23:31:09 Asia/Tokyo] デバッグ：現在日時タイムスタンプ：1557066669
[05-May-2019 23:31:09 Asia/Tokyo] デバッグ：ログイン期限日時タイムスタンプ：1559309160
[05-May-2019 23:31:09 Asia/Tokyo] PHP Notice:  Undefined index: email in /Applications/MAMP/htdocs/splitbill/index.php on line 12
[05-May-2019 23:31:09 Asia/Tokyo] PHP Notice:  Undefined index: pass in /Applications/MAMP/htdocs/splitbill/index.php on line 13
[05-May-2019 23:31:09 Asia/Tokyo] PHP Notice:  Undefined index: pass_re in /Applications/MAMP/htdocs/splitbill/index.php on line 14
[05-May-2019 23:31:09 Asia/Tokyo] PHP Fatal error:  Uncaught Error: Call to undefined function validRequired() in /Applications/MAMP/htdocs/splitbill/index.php:17
Stack trace:
#0 {main}
  thrown in /Applications/MAMP/htdocs/splitbill/index.php on line 17
[05-May-2019 23:31:38 Asia/Tokyo] デバッグ：「「「「「「「「「「「「「「「「「「「「「「「「「「
[05-May-2019 23:31:38 Asia/Tokyo] デバッグ：ユーザー登録ページ
[05-May-2019 23:31:38 Asia/Tokyo] デバッグ：「「「「「「「「「「「「「「「「「「「「「「「「「「
[05-May-2019 23:31:38 Asia/Tokyo] デバッグ：>>>>>>>>>>>>>>>>>>>>>>>>>>>>>>>>画面表示処理開始
[05-May-2019 23:31:38 Asia/Tokyo] デバッグ：セッションID：9im2ts0m83nr2d61vaevm2vqbm
[05-May-2019 23:31:38 Asia/Tokyo] デバッグ：セッション変数の中身：Array
(
    [login_date] => 1556717160
    [login_limit] => 2592000
    [user_id] => 7
)

[05-May-2019 23:31:38 Asia/Tokyo] デバッグ：現在日時タイムスタンプ：1557066698
[05-May-2019 23:31:38 Asia/Tokyo] デバッグ：ログイン期限日時タイムスタンプ：1559309160
[05-May-2019 23:31:38 Asia/Tokyo] PHP Notice:  Undefined index: email in /Applications/MAMP/htdocs/splitbill/index.php on line 12
[05-May-2019 23:31:38 Asia/Tokyo] PHP Notice:  Undefined index: pass in /Applications/MAMP/htdocs/splitbill/index.php on line 13
[05-May-2019 23:31:38 Asia/Tokyo] PHP Notice:  Undefined index: pass_re in /Applications/MAMP/htdocs/splitbill/index.php on line 14
[05-May-2019 23:31:38 Asia/Tokyo] PHP Fatal error:  Uncaught Error: Call to undefined function validRequired() in /Applications/MAMP/htdocs/splitbill/index.php:17
Stack trace:
#0 {main}
  thrown in /Applications/MAMP/htdocs/splitbill/index.php on line 17
[05-May-2019 23:32:41 Asia/Tokyo] デバッグ：「「「「「「「「「「「「「「「「「「「「「「「「「「
[05-May-2019 23:32:41 Asia/Tokyo] デバッグ：ユーザー登録ページ
[05-May-2019 23:32:41 Asia/Tokyo] デバッグ：「「「「「「「「「「「「「「「「「「「「「「「「「「
[05-May-2019 23:32:41 Asia/Tokyo] デバッグ：>>>>>>>>>>>>>>>>>>>>>>>>>>>>>>>>画面表示処理開始
[05-May-2019 23:32:41 Asia/Tokyo] デバッグ：セッションID：pmsecda6ejpf3fqaopjlgdpllq
[05-May-2019 23:32:41 Asia/Tokyo] デバッグ：セッション変数の中身：Array
(
    [login_date] => 1556717160
    [login_limit] => 2592000
    [user_id] => 7
)

[05-May-2019 23:32:41 Asia/Tokyo] デバッグ：現在日時タイムスタンプ：1557066761
[05-May-2019 23:32:41 Asia/Tokyo] デバッグ：ログイン期限日時タイムスタンプ：1559309160
[05-May-2019 23:32:41 Asia/Tokyo] PHP Notice:  Undefined index: email in /Applications/MAMP/htdocs/splitbill/index.php on line 12
[05-May-2019 23:32:41 Asia/Tokyo] PHP Notice:  Undefined index: pass in /Applications/MAMP/htdocs/splitbill/index.php on line 13
[05-May-2019 23:32:41 Asia/Tokyo] PHP Notice:  Undefined index: pass_re in /Applications/MAMP/htdocs/splitbill/index.php on line 14
[05-May-2019 23:32:41 Asia/Tokyo] PHP Fatal error:  Uncaught Error: Call to undefined function validRequired() in /Applications/MAMP/htdocs/splitbill/index.php:17
Stack trace:
#0 {main}
  thrown in /Applications/MAMP/htdocs/splitbill/index.php on line 17
[05-May-2019 23:33:40 Asia/Tokyo] デバッグ：「「「「「「「「「「「「「「「「「「「「「「「「「「
[05-May-2019 23:33:40 Asia/Tokyo] デバッグ：ユーザー登録ページ
[05-May-2019 23:33:40 Asia/Tokyo] デバッグ：「「「「「「「「「「「「「「「「「「「「「「「「「「
[05-May-2019 23:33:40 Asia/Tokyo] デバッグ：>>>>>>>>>>>>>>>>>>>>>>>>>>>>>>>>画面表示処理開始
[05-May-2019 23:33:40 Asia/Tokyo] デバッグ：セッションID：enpv1djc2lfi1hjhi1n66eae8e
[05-May-2019 23:33:40 Asia/Tokyo] デバッグ：セッション変数の中身：Array
(
    [login_date] => 1556717160
    [login_limit] => 2592000
    [user_id] => 7
)

[05-May-2019 23:33:40 Asia/Tokyo] デバッグ：現在日時タイムスタンプ：1557066820
[05-May-2019 23:33:40 Asia/Tokyo] デバッグ：ログイン期限日時タイムスタンプ：1559309160
[05-May-2019 23:33:40 Asia/Tokyo] PHP Notice:  Undefined index: email in /Applications/MAMP/htdocs/splitbill/index.php on line 12
[05-May-2019 23:33:40 Asia/Tokyo] PHP Notice:  Undefined index: pass in /Applications/MAMP/htdocs/splitbill/index.php on line 13
[05-May-2019 23:33:40 Asia/Tokyo] PHP Notice:  Undefined index: pass_re in /Applications/MAMP/htdocs/splitbill/index.php on line 14
[05-May-2019 23:33:40 Asia/Tokyo] PHP Fatal error:  Uncaught Error: Call to undefined function validRequired() in /Applications/MAMP/htdocs/splitbill/index.php:17
Stack trace:
#0 {main}
  thrown in /Applications/MAMP/htdocs/splitbill/index.php on line 17
[05-May-2019 23:33:44 Asia/Tokyo] デバッグ：「「「「「「「「「「「「「「「「「「「「「「「「「「
[05-May-2019 23:33:44 Asia/Tokyo] デバッグ：ユーザー登録ページ
[05-May-2019 23:33:44 Asia/Tokyo] デバッグ：「「「「「「「「「「「「「「「「「「「「「「「「「「
[05-May-2019 23:33:44 Asia/Tokyo] デバッグ：>>>>>>>>>>>>>>>>>>>>>>>>>>>>>>>>画面表示処理開始
[05-May-2019 23:33:44 Asia/Tokyo] デバッグ：セッションID：d865nicanlhtpdkrv1rkd381os
[05-May-2019 23:33:44 Asia/Tokyo] デバッグ：セッション変数の中身：Array
(
    [login_date] => 1556717160
    [login_limit] => 2592000
    [user_id] => 7
)

[05-May-2019 23:33:44 Asia/Tokyo] デバッグ：現在日時タイムスタンプ：1557066824
[05-May-2019 23:33:44 Asia/Tokyo] デバッグ：ログイン期限日時タイムスタンプ：1559309160
[05-May-2019 23:33:44 Asia/Tokyo] PHP Notice:  Undefined index: email in /Applications/MAMP/htdocs/splitbill/index.php on line 12
[05-May-2019 23:33:44 Asia/Tokyo] PHP Notice:  Undefined index: pass in /Applications/MAMP/htdocs/splitbill/index.php on line 13
[05-May-2019 23:33:44 Asia/Tokyo] PHP Notice:  Undefined index: pass_re in /Applications/MAMP/htdocs/splitbill/index.php on line 14
[05-May-2019 23:33:44 Asia/Tokyo] PHP Fatal error:  Uncaught Error: Call to undefined function validRequired() in /Applications/MAMP/htdocs/splitbill/index.php:17
Stack trace:
#0 {main}
  thrown in /Applications/MAMP/htdocs/splitbill/index.php on line 17
[05-May-2019 23:33:45 Asia/Tokyo] デバッグ：「「「「「「「「「「「「「「「「「「「「「「「「「「
[05-May-2019 23:33:45 Asia/Tokyo] デバッグ：ユーザー登録ページ
[05-May-2019 23:33:45 Asia/Tokyo] デバッグ：「「「「「「「「「「「「「「「「「「「「「「「「「「
[05-May-2019 23:33:45 Asia/Tokyo] デバッグ：>>>>>>>>>>>>>>>>>>>>>>>>>>>>>>>>画面表示処理開始
[05-May-2019 23:33:45 Asia/Tokyo] デバッグ：セッションID：fvtald84mslpc1ntghrhuvjsnu
[05-May-2019 23:33:45 Asia/Tokyo] デバッグ：セッション変数の中身：Array
(
    [login_date] => 1556717160
    [login_limit] => 2592000
    [user_id] => 7
)

[05-May-2019 23:33:45 Asia/Tokyo] デバッグ：現在日時タイムスタンプ：1557066825
[05-May-2019 23:33:45 Asia/Tokyo] デバッグ：ログイン期限日時タイムスタンプ：1559309160
[05-May-2019 23:33:45 Asia/Tokyo] PHP Notice:  Undefined index: email in /Applications/MAMP/htdocs/splitbill/index.php on line 12
[05-May-2019 23:33:45 Asia/Tokyo] PHP Notice:  Undefined index: pass in /Applications/MAMP/htdocs/splitbill/index.php on line 13
[05-May-2019 23:33:45 Asia/Tokyo] PHP Notice:  Undefined index: pass_re in /Applications/MAMP/htdocs/splitbill/index.php on line 14
[05-May-2019 23:33:45 Asia/Tokyo] PHP Fatal error:  Uncaught Error: Call to undefined function validRequired() in /Applications/MAMP/htdocs/splitbill/index.php:17
Stack trace:
#0 {main}
  thrown in /Applications/MAMP/htdocs/splitbill/index.php on line 17
[05-May-2019 23:33:45 Asia/Tokyo] デバッグ：「「「「「「「「「「「「「「「「「「「「「「「「「「
[05-May-2019 23:33:45 Asia/Tokyo] デバッグ：ユーザー登録ページ
[05-May-2019 23:33:45 Asia/Tokyo] デバッグ：「「「「「「「「「「「「「「「「「「「「「「「「「「
[05-May-2019 23:33:45 Asia/Tokyo] デバッグ：>>>>>>>>>>>>>>>>>>>>>>>>>>>>>>>>画面表示処理開始
[05-May-2019 23:33:45 Asia/Tokyo] デバッグ：セッションID：athjt4tsg69grc8at7ecampkhd
[05-May-2019 23:33:45 Asia/Tokyo] デバッグ：セッション変数の中身：Array
(
    [login_date] => 1556717160
    [login_limit] => 2592000
    [user_id] => 7
)

[05-May-2019 23:33:45 Asia/Tokyo] デバッグ：現在日時タイムスタンプ：1557066825
[05-May-2019 23:33:45 Asia/Tokyo] デバッグ：ログイン期限日時タイムスタンプ：1559309160
[05-May-2019 23:33:45 Asia/Tokyo] PHP Notice:  Undefined index: email in /Applications/MAMP/htdocs/splitbill/index.php on line 12
[05-May-2019 23:33:45 Asia/Tokyo] PHP Notice:  Undefined index: pass in /Applications/MAMP/htdocs/splitbill/index.php on line 13
[05-May-2019 23:33:45 Asia/Tokyo] PHP Notice:  Undefined index: pass_re in /Applications/MAMP/htdocs/splitbill/index.php on line 14
[05-May-2019 23:33:45 Asia/Tokyo] PHP Fatal error:  Uncaught Error: Call to undefined function validRequired() in /Applications/MAMP/htdocs/splitbill/index.php:17
Stack trace:
#0 {main}
  thrown in /Applications/MAMP/htdocs/splitbill/index.php on line 17
[05-May-2019 23:33:46 Asia/Tokyo] デバッグ：「「「「「「「「「「「「「「「「「「「「「「「「「「
[05-May-2019 23:33:46 Asia/Tokyo] デバッグ：ユーザー登録ページ
[05-May-2019 23:33:46 Asia/Tokyo] デバッグ：「「「「「「「「「「「「「「「「「「「「「「「「「「
[05-May-2019 23:33:46 Asia/Tokyo] デバッグ：>>>>>>>>>>>>>>>>>>>>>>>>>>>>>>>>画面表示処理開始
[05-May-2019 23:33:46 Asia/Tokyo] デバッグ：セッションID：2a5e734kq2g6lheh7s9ip3neg6
[05-May-2019 23:33:46 Asia/Tokyo] デバッグ：セッション変数の中身：Array
(
    [login_date] => 1556717160
    [login_limit] => 2592000
    [user_id] => 7
)

[05-May-2019 23:33:46 Asia/Tokyo] デバッグ：現在日時タイムスタンプ：1557066826
[05-May-2019 23:33:46 Asia/Tokyo] デバッグ：ログイン期限日時タイムスタンプ：1559309160
[05-May-2019 23:33:46 Asia/Tokyo] PHP Notice:  Undefined index: email in /Applications/MAMP/htdocs/splitbill/index.php on line 12
[05-May-2019 23:33:46 Asia/Tokyo] PHP Notice:  Undefined index: pass in /Applications/MAMP/htdocs/splitbill/index.php on line 13
[05-May-2019 23:33:46 Asia/Tokyo] PHP Notice:  Undefined index: pass_re in /Applications/MAMP/htdocs/splitbill/index.php on line 14
[05-May-2019 23:33:46 Asia/Tokyo] PHP Fatal error:  Uncaught Error: Call to undefined function validRequired() in /Applications/MAMP/htdocs/splitbill/index.php:17
Stack trace:
#0 {main}
  thrown in /Applications/MAMP/htdocs/splitbill/index.php on line 17
[05-May-2019 23:33:48 Asia/Tokyo] デバッグ：「「「「「「「「「「「「「「「「「「「「「「「「「「
[05-May-2019 23:33:48 Asia/Tokyo] デバッグ：ユーザー登録ページ
[05-May-2019 23:33:48 Asia/Tokyo] デバッグ：「「「「「「「「「「「「「「「「「「「「「「「「「「
[05-May-2019 23:33:48 Asia/Tokyo] デバッグ：>>>>>>>>>>>>>>>>>>>>>>>>>>>>>>>>画面表示処理開始
[05-May-2019 23:33:48 Asia/Tokyo] デバッグ：セッションID：jpovrbrd665rhspr7nacfe7395
[05-May-2019 23:33:48 Asia/Tokyo] デバッグ：セッション変数の中身：Array
(
    [login_date] => 1556717160
    [login_limit] => 2592000
    [user_id] => 7
)

[05-May-2019 23:33:48 Asia/Tokyo] デバッグ：現在日時タイムスタンプ：1557066828
[05-May-2019 23:33:48 Asia/Tokyo] デバッグ：ログイン期限日時タイムスタンプ：1559309160
[05-May-2019 23:33:48 Asia/Tokyo] PHP Notice:  Undefined index: email in /Applications/MAMP/htdocs/splitbill/index.php on line 12
[05-May-2019 23:33:48 Asia/Tokyo] PHP Notice:  Undefined index: pass in /Applications/MAMP/htdocs/splitbill/index.php on line 13
[05-May-2019 23:33:48 Asia/Tokyo] PHP Notice:  Undefined index: pass_re in /Applications/MAMP/htdocs/splitbill/index.php on line 14
[05-May-2019 23:33:48 Asia/Tokyo] PHP Fatal error:  Uncaught Error: Call to undefined function validRequired() in /Applications/MAMP/htdocs/splitbill/index.php:17
Stack trace:
#0 {main}
  thrown in /Applications/MAMP/htdocs/splitbill/index.php on line 17
[05-May-2019 23:33:50 Asia/Tokyo] デバッグ：「「「「「「「「「「「「「「「「「「「「「「「「「「
[05-May-2019 23:33:50 Asia/Tokyo] デバッグ：ユーザー登録ページ
[05-May-2019 23:33:50 Asia/Tokyo] デバッグ：「「「「「「「「「「「「「「「「「「「「「「「「「「
[05-May-2019 23:33:50 Asia/Tokyo] デバッグ：>>>>>>>>>>>>>>>>>>>>>>>>>>>>>>>>画面表示処理開始
[05-May-2019 23:33:50 Asia/Tokyo] デバッグ：セッションID：sms71hg5tp9frpt8t92rfs2rss
[05-May-2019 23:33:50 Asia/Tokyo] デバッグ：セッション変数の中身：Array
(
    [login_date] => 1556717160
    [login_limit] => 2592000
    [user_id] => 7
)

[05-May-2019 23:33:50 Asia/Tokyo] デバッグ：現在日時タイムスタンプ：1557066830
[05-May-2019 23:33:50 Asia/Tokyo] デバッグ：ログイン期限日時タイムスタンプ：1559309160
[05-May-2019 23:33:50 Asia/Tokyo] PHP Notice:  Undefined index: email in /Applications/MAMP/htdocs/splitbill/index.php on line 12
[05-May-2019 23:33:50 Asia/Tokyo] PHP Notice:  Undefined index: pass in /Applications/MAMP/htdocs/splitbill/index.php on line 13
[05-May-2019 23:33:50 Asia/Tokyo] PHP Notice:  Undefined index: pass_re in /Applications/MAMP/htdocs/splitbill/index.php on line 14
[05-May-2019 23:33:50 Asia/Tokyo] PHP Fatal error:  Uncaught Error: Call to undefined function validRequired() in /Applications/MAMP/htdocs/splitbill/index.php:17
Stack trace:
#0 {main}
  thrown in /Applications/MAMP/htdocs/splitbill/index.php on line 17
[05-May-2019 23:33:58 Asia/Tokyo] デバッグ：「「「「「「「「「「「「「「「「「「「「「「「「「「
[05-May-2019 23:33:58 Asia/Tokyo] デバッグ：ユーザー登録ページ
[05-May-2019 23:33:58 Asia/Tokyo] デバッグ：「「「「「「「「「「「「「「「「「「「「「「「「「「
[05-May-2019 23:33:58 Asia/Tokyo] デバッグ：>>>>>>>>>>>>>>>>>>>>>>>>>>>>>>>>画面表示処理開始
[05-May-2019 23:33:58 Asia/Tokyo] デバッグ：セッションID：rt4f1e2plmpviodtdi76ron8kg
[05-May-2019 23:33:58 Asia/Tokyo] デバッグ：セッション変数の中身：Array
(
    [login_date] => 1556717160
    [login_limit] => 2592000
    [user_id] => 7
)

[05-May-2019 23:33:58 Asia/Tokyo] デバッグ：現在日時タイムスタンプ：1557066838
[05-May-2019 23:33:58 Asia/Tokyo] デバッグ：ログイン期限日時タイムスタンプ：1559309160
[05-May-2019 23:33:58 Asia/Tokyo] PHP Notice:  Undefined index: email in /Applications/MAMP/htdocs/splitbill/index.php on line 12
[05-May-2019 23:33:58 Asia/Tokyo] PHP Notice:  Undefined index: pass in /Applications/MAMP/htdocs/splitbill/index.php on line 13
[05-May-2019 23:33:58 Asia/Tokyo] PHP Notice:  Undefined index: pass_re in /Applications/MAMP/htdocs/splitbill/index.php on line 14
[05-May-2019 23:33:58 Asia/Tokyo] PHP Fatal error:  Uncaught Error: Call to undefined function validRequired() in /Applications/MAMP/htdocs/splitbill/index.php:17
Stack trace:
#0 {main}
  thrown in /Applications/MAMP/htdocs/splitbill/index.php on line 17
[05-May-2019 23:34:00 Asia/Tokyo] デバッグ：「「「「「「「「「「「「「「「「「「「「「「「「「「
[05-May-2019 23:34:00 Asia/Tokyo] デバッグ：ユーザー登録ページ
[05-May-2019 23:34:00 Asia/Tokyo] デバッグ：「「「「「「「「「「「「「「「「「「「「「「「「「「
[05-May-2019 23:34:00 Asia/Tokyo] デバッグ：>>>>>>>>>>>>>>>>>>>>>>>>>>>>>>>>画面表示処理開始
[05-May-2019 23:34:00 Asia/Tokyo] デバッグ：セッションID：nj4ifjeqrchl0ojuv6fp4junrp
[05-May-2019 23:34:00 Asia/Tokyo] デバッグ：セッション変数の中身：Array
(
    [login_date] => 1556717160
    [login_limit] => 2592000
    [user_id] => 7
)

[05-May-2019 23:34:00 Asia/Tokyo] デバッグ：現在日時タイムスタンプ：1557066840
[05-May-2019 23:34:00 Asia/Tokyo] デバッグ：ログイン期限日時タイムスタンプ：1559309160
[05-May-2019 23:34:00 Asia/Tokyo] PHP Notice:  Undefined index: email in /Applications/MAMP/htdocs/splitbill/index.php on line 12
[05-May-2019 23:34:00 Asia/Tokyo] PHP Notice:  Undefined index: pass in /Applications/MAMP/htdocs/splitbill/index.php on line 13
[05-May-2019 23:34:00 Asia/Tokyo] PHP Notice:  Undefined index: pass_re in /Applications/MAMP/htdocs/splitbill/index.php on line 14
[05-May-2019 23:34:00 Asia/Tokyo] PHP Fatal error:  Uncaught Error: Call to undefined function validRequired() in /Applications/MAMP/htdocs/splitbill/index.php:17
Stack trace:
#0 {main}
  thrown in /Applications/MAMP/htdocs/splitbill/index.php on line 17
[05-May-2019 23:34:28 Asia/Tokyo] デバッグ：「「「「「「「「「「「「「「「「「「「「「「「「「「
[05-May-2019 23:34:28 Asia/Tokyo] デバッグ：ユーザー登録ページ
[05-May-2019 23:34:28 Asia/Tokyo] デバッグ：「「「「「「「「「「「「「「「「「「「「「「「「「「
[05-May-2019 23:34:28 Asia/Tokyo] デバッグ：>>>>>>>>>>>>>>>>>>>>>>>>>>>>>>>>画面表示処理開始
[05-May-2019 23:34:28 Asia/Tokyo] デバッグ：セッションID：r84reutnba3j26qe58mk98j7fr
[05-May-2019 23:34:28 Asia/Tokyo] デバッグ：セッション変数の中身：Array
(
    [login_date] => 1556717160
    [login_limit] => 2592000
    [user_id] => 7
)

[05-May-2019 23:34:28 Asia/Tokyo] デバッグ：現在日時タイムスタンプ：1557066868
[05-May-2019 23:34:28 Asia/Tokyo] デバッグ：ログイン期限日時タイムスタンプ：1559309160
[05-May-2019 23:34:28 Asia/Tokyo] PHP Notice:  Undefined index: email in /Applications/MAMP/htdocs/splitbill/index.php on line 12
[05-May-2019 23:34:28 Asia/Tokyo] PHP Notice:  Undefined index: pass in /Applications/MAMP/htdocs/splitbill/index.php on line 13
[05-May-2019 23:34:28 Asia/Tokyo] PHP Notice:  Undefined index: pass_re in /Applications/MAMP/htdocs/splitbill/index.php on line 14
[05-May-2019 23:34:28 Asia/Tokyo] PHP Fatal error:  Uncaught Error: Call to undefined function validRequired() in /Applications/MAMP/htdocs/splitbill/index.php:17
Stack trace:
#0 {main}
  thrown in /Applications/MAMP/htdocs/splitbill/index.php on line 17
[05-May-2019 23:38:40 Asia/Tokyo] デバッグ：「「「「「「「「「「「「「「「「「「「「「「「「「「
[05-May-2019 23:38:40 Asia/Tokyo] デバッグ：ユーザー登録ページ
[05-May-2019 23:38:40 Asia/Tokyo] デバッグ：「「「「「「「「「「「「「「「「「「「「「「「「「「
[05-May-2019 23:38:40 Asia/Tokyo] デバッグ：>>>>>>>>>>>>>>>>>>>>>>>>>>>>>>>>画面表示処理開始
[05-May-2019 23:38:40 Asia/Tokyo] デバッグ：セッションID：ta59n14v8s6i81c94hqklrvgqr
[05-May-2019 23:38:40 Asia/Tokyo] デバッグ：セッション変数の中身：Array
(
    [login_date] => 1556717160
    [login_limit] => 2592000
    [user_id] => 7
)

[05-May-2019 23:38:40 Asia/Tokyo] デバッグ：現在日時タイムスタンプ：1557067120
[05-May-2019 23:38:40 Asia/Tokyo] デバッグ：ログイン期限日時タイムスタンプ：1559309160
[05-May-2019 23:38:40 Asia/Tokyo] PHP Fatal error:  Uncaught Error: Call to undefined function repuire() in /Applications/MAMP/htdocs/splitbill/index.php:84
Stack trace:
#0 {main}
  thrown in /Applications/MAMP/htdocs/splitbill/index.php on line 84
[05-May-2019 23:39:42 Asia/Tokyo] デバッグ：「「「「「「「「「「「「「「「「「「「「「「「「「「
[05-May-2019 23:39:42 Asia/Tokyo] デバッグ：ユーザー登録ページ
[05-May-2019 23:39:42 Asia/Tokyo] デバッグ：「「「「「「「「「「「「「「「「「「「「「「「「「「
[05-May-2019 23:39:42 Asia/Tokyo] デバッグ：>>>>>>>>>>>>>>>>>>>>>>>>>>>>>>>>画面表示処理開始
[05-May-2019 23:39:42 Asia/Tokyo] デバッグ：セッションID：e0ct7ah7lmglkvhbbjrpo3t1a8
[05-May-2019 23:39:42 Asia/Tokyo] デバッグ：セッション変数の中身：Array
(
    [login_date] => 1556717160
    [login_limit] => 2592000
    [user_id] => 7
)

[05-May-2019 23:39:42 Asia/Tokyo] デバッグ：現在日時タイムスタンプ：1557067182
[05-May-2019 23:39:42 Asia/Tokyo] デバッグ：ログイン期限日時タイムスタンプ：1559309160
